[10:32:45] [Client thread/INFO] Setting user: ghost2173
[10:32:45] [Client thread/INFO] (Session ID is token:0:ghost2173)
[10:32:47] [Client thread/INFO] [OptiFine] *** Reflector Forge ***
[10:32:47] [Client thread/INFO] [OptiFine] *** Reflector Vanilla ***
[10:32:48] [Client thread/INFO] [OptiFine] (Reflector) Class not present: net.minecraftforge.fml.common.eventhandler.Event$Result
[10:32:48] [Client thread/INFO] [OptiFine] (Reflector) Class not present: net.minecraft.launchwrapper.Launch
[10:32:48] [Client thread/INFO] LWJGL Version: LWJGL3 Port by Juli15 Version 2.0 stable, based on LWJGL3.3.2+13
[10:32:48] [Client thread/INFO] [OptiFine] (Reflector) Class not present: optifine.OptiFineClassTransformer
[10:32:48] [Client thread/INFO] [OptiFine] 
[10:32:48] [Client thread/INFO] [OptiFine] OptiFine_1.8.9_HD_U_M5
[10:32:48] [Client thread/INFO] [OptiFine] Build: null
[10:32:48] [Client thread/INFO] [OptiFine] OS: Windows 10 (amd64) version 10.0
[10:32:48] [Client thread/INFO] [OptiFine] Java: 1.8.0_131, Oracle Corporation
[10:32:48] [Client thread/INFO] [OptiFine] VM: Java HotSpot(TM) 64-Bit Server VM (mixed mode), Oracle Corporation
[10:32:48] [Client thread/INFO] [OptiFine] LWJGL: LWJGL3 Port by Juli15 Version 2.0 stable, based on LWJGL3.3.2+13
[10:32:48] [Client thread/INFO] [OptiFine] OpenGL: Intel(R) UHD Graphics 630, version 4.6.0 - Build 26.20.100.7642, Intel
[10:32:48] [Client thread/INFO] [OptiFine] OpenGL Version: 4.6.0
[10:32:48] [Client thread/INFO] [OptiFine] OpenGL Fancy fog: Not available (GL_NV_fog_distance)
[10:32:48] [Client thread/INFO] [OptiFine] Maximum texture size: 8192x8192
[10:32:48] [VersionCheck/INFO] [OptiFine] Checking for new version
[10:32:48] [Client thread/INFO] [Shaders] OpenGL Version: 4.6.0 - Build 26.20.100.7642
[10:32:48] [Client thread/INFO] [Shaders] Vendor:  Intel
[10:32:48] [Client thread/INFO] [Shaders] Renderer: Intel(R) UHD Graphics 630
[10:32:48] [Client thread/INFO] [Shaders] Capabilities:  2.0  2.1  3.0  3.2  4.0 
[10:32:48] [Client thread/INFO] [Shaders] GL_MAX_DRAW_BUFFERS: 8
[10:32:48] [Client thread/INFO] [Shaders] GL_MAX_COLOR_ATTACHMENTS_EXT: 8
[10:32:48] [Client thread/INFO] [Shaders] GL_MAX_TEXTURE_IMAGE_UNITS: 32
[10:32:48] [Client thread/INFO] [Shaders] Load shaders configuration.
[10:32:48] [Client thread/INFO] [Shaders] Save shaders configuration.
[10:32:48] [Client thread/INFO] [Shaders] Shaders can not be loaded, Fast Render is enabled.
[10:32:48] [Client thread/INFO] [Shaders] No shaderpack loaded.
[10:32:48] [Client thread/INFO] [OptiFine] (Reflector) Class not present: net.minecraftforge.fml.common.Loader
[10:32:48] [Client thread/INFO] Reloading ResourceManager: Default
[10:32:48] [Client thread/INFO] [OptiFine] *** Reloading textures ***
[10:32:48] [Client thread/INFO] [OptiFine] Resource packs: Default
[10:32:48] [Client thread/INFO] [OptiFine] (Reflector) Class not present: net.minecraftforge.fml.client.SplashProgress
[10:32:49] [Client thread/INFO] [OptiFine] (Reflector) Class not present: net.minecraftforge.client.model.Attributes
[10:32:49] [Client thread/INFO] [OptiFine] (Reflector) Method not present: net.minecraft.client.renderer.vertex.VertexFormatElement$EnumUsage.preDraw
[10:32:49] [Client thread/INFO] [OptiFine] (Reflector) Method not present: net.minecraft.client.renderer.vertex.VertexFormatElement$EnumUsage.postDraw
[10:32:49] [Sound Library Loader/INFO] Starting up SoundSystem...
[10:32:49] [Thread-5/INFO] Initializing LWJGL OpenAL
[10:32:49] [Thread-5/INFO] (The LWJGL binding of OpenAL.  For more information, see http://www.lwjgl.org)
[10:32:49] [Thread-5/INFO] OpenAL initialized.
[10:32:49] [Sound Library Loader/INFO] Sound engine started
[10:32:50] [Client thread/INFO] [OptiFine] (Reflector) Class not present: net.minecraftforge.client.ForgeHooksClient
[10:32:51] [Client thread/INFO] [OptiFine] Mipmap levels: 4
[10:32:51] [Client thread/INFO] [OptiFine] Multitexture: false
[10:32:51] [Client thread/INFO] [OptiFine] ConnectedTextures: mcpatcher/ctm/default/0_glass_white/glass_pane_white.properties
[10:32:51] [Client thread/INFO] [OptiFine] ConnectedTextures: mcpatcher/ctm/default/0_glass_white/glass_white.properties
[10:32:51] [Client thread/INFO] [OptiFine] ConnectedTextures: mcpatcher/ctm/default/10_glass_purple/glass_pane_purple.properties
[10:32:51] [Client thread/INFO] [OptiFine] ConnectedTextures: mcpatcher/ctm/default/10_glass_purple/glass_purple.properties
[10:32:51] [Client thread/INFO] [OptiFine] ConnectedTextures: mcpatcher/ctm/default/11_glass_blue/glass_blue.properties
[10:32:51] [Client thread/INFO] [OptiFine] ConnectedTextures: mcpatcher/ctm/default/11_glass_blue/glass_pane_blue.properties
[10:32:51] [Client thread/INFO] [OptiFine] ConnectedTextures: mcpatcher/ctm/default/12_glass_brown/glass_brown.properties
[10:32:51] [Client thread/INFO] [OptiFine] ConnectedTextures: mcpatcher/ctm/default/12_glass_brown/glass_pane_brown.properties
[10:32:51] [Client thread/INFO] [OptiFine] ConnectedTextures: mcpatcher/ctm/default/13_glass_green/glass_green.properties
[10:32:51] [Client thread/INFO] [OptiFine] ConnectedTextures: mcpatcher/ctm/default/13_glass_green/glass_pane_green.properties
[10:32:51] [Client thread/INFO] [OptiFine] ConnectedTextures: mcpatcher/ctm/default/14_glass_red/glass_pane_red.properties
[10:32:51] [Client thread/INFO] [OptiFine] ConnectedTextures: mcpatcher/ctm/default/14_glass_red/glass_red.properties
[10:32:51] [Client thread/INFO] [OptiFine] ConnectedTextures: mcpatcher/ctm/default/15_glass_black/glass_black.properties
[10:32:51] [Client thread/INFO] [OptiFine] ConnectedTextures: mcpatcher/ctm/default/15_glass_black/glass_pane_black.properties
[10:32:51] [Client thread/INFO] [OptiFine] ConnectedTextures: mcpatcher/ctm/default/1_glass_orange/glass_orange.properties
[10:32:51] [Client thread/INFO] [OptiFine] ConnectedTextures: mcpatcher/ctm/default/1_glass_orange/glass_pane_orange.properties
[10:32:51] [Client thread/INFO] [OptiFine] ConnectedTextures: mcpatcher/ctm/default/2_glass_magenta/glass_magenta.properties
[10:32:51] [Client thread/INFO] [OptiFine] ConnectedTextures: mcpatcher/ctm/default/2_glass_magenta/glass_pane_magenta.properties
[10:32:51] [Client thread/INFO] [OptiFine] ConnectedTextures: mcpatcher/ctm/default/3_glass_light_blue/glass_light_blue.properties
[10:32:51] [Client thread/INFO] [OptiFine] ConnectedTextures: mcpatcher/ctm/default/3_glass_light_blue/glass_pane_light_blue.properties
[10:32:51] [Client thread/INFO] [OptiFine] ConnectedTextures: mcpatcher/ctm/default/4_glass_yellow/glass_pane_yellow.properties
[10:32:51] [Client thread/INFO] [OptiFine] ConnectedTextures: mcpatcher/ctm/default/4_glass_yellow/glass_yellow.properties
[10:32:51] [Client thread/INFO] [OptiFine] ConnectedTextures: mcpatcher/ctm/default/5_glass_lime/glass_lime.properties
[10:32:51] [Client thread/INFO] [OptiFine] ConnectedTextures: mcpatcher/ctm/default/5_glass_lime/glass_pane_lime.properties
[10:32:51] [Client thread/INFO] [OptiFine] ConnectedTextures: mcpatcher/ctm/default/6_glass_pink/glass_pane_pink.properties
[10:32:51] [Client thread/INFO] [OptiFine] ConnectedTextures: mcpatcher/ctm/default/6_glass_pink/glass_pink.properties
[10:32:51] [Client thread/INFO] [OptiFine] ConnectedTextures: mcpatcher/ctm/default/7_glass_gray/glass_gray.properties
[10:32:51] [Client thread/INFO] [OptiFine] ConnectedTextures: mcpatcher/ctm/default/7_glass_gray/glass_pane_gray.properties
[10:32:51] [Client thread/INFO] [OptiFine] ConnectedTextures: mcpatcher/ctm/default/8_glass_silver/glass_pane_silver.properties
[10:32:51] [Client thread/INFO] [OptiFine] ConnectedTextures: mcpatcher/ctm/default/8_glass_silver/glass_silver.properties
[10:32:51] [Client thread/INFO] [OptiFine] ConnectedTextures: mcpatcher/ctm/default/9_glass_cyan/glass_cyan.properties
[10:32:51] [Client thread/INFO] [OptiFine] ConnectedTextures: mcpatcher/ctm/default/9_glass_cyan/glass_pane_cyan.properties
[10:32:51] [Client thread/INFO] [OptiFine] ConnectedTextures: mcpatcher/ctm/default/bookshelf.properties
[10:32:51] [Client thread/INFO] [OptiFine] ConnectedTextures: mcpatcher/ctm/default/glass.properties
[10:32:51] [Client thread/INFO] [OptiFine] ConnectedTextures: mcpatcher/ctm/default/glasspane.properties
[10:32:51] [Client thread/INFO] [OptiFine] ConnectedTextures: mcpatcher/ctm/default/sandstone.properties
[10:32:51] [Client thread/INFO] [OptiFine] Multipass connected textures: false
[10:32:51] [Client thread/INFO] [OptiFine] BetterGrass: Parsing default configuration optifine/bettergrass.properties
[10:32:52] [Client thread/INFO] Created: 1024x512 textures-atlas
[10:32:53] [Client thread/INFO] [OptiFine] Animated sprites: 11
[10:32:53] [Client thread/INFO] [OptiFine] (Reflector) Class not present: net.minecraftforge.client.model.ModelLoader
[10:32:53] [Client thread/INFO] [OptiFine] (Reflector) Class not present: net.minecraftforge.client.ItemModelMesherForge
[10:32:53] [Client thread/INFO] [OptiFine] (Reflector) Class not present: net.minecraftforge.fml.client.registry.RenderingRegistry
[10:32:53] [Client thread/INFO] [OptiFine] (Reflector) Class not present: net.minecraftforge.common.ForgeModContainer
[10:32:54] [Client thread/INFO] [OptiFine] (Reflector) Class not present: net.minecraftforge.fml.client.GuiModList
[10:32:54] [Client thread/INFO] [OptiFine] (Reflector) Class not present: mods.betterfoliage.client.BetterFoliageClient
[10:32:54] [Client thread/INFO] [OptiFine] (Reflector) Class not present: net.minecraftforge.fml.common.asm.transformers.BlamingTransformer
[10:32:54] [Client thread/INFO] [OptiFine] (Reflector) Class not present: net.minecraftforge.event.world.ChunkWatchEvent$UnWatch
[10:32:54] [Client thread/INFO] [OptiFine] (Reflector) Class not present: net.minecraftforge.fml.relauncher.CoreModManager
[10:32:54] [Client thread/INFO] [OptiFine] (Reflector) Class not present: net.minecraftforge.common.DimensionManager
[10:32:54] [Client thread/INFO] [OptiFine] (Reflector) Class not present: net.minecraftforge.client.event.GuiScreenEvent$DrawScreenEvent$Pre
[10:32:54] [Client thread/INFO] [OptiFine] (Reflector) Class not present: net.minecraftforge.client.event.GuiScreenEvent$DrawScreenEvent$Post
[10:32:54] [Client thread/INFO] [OptiFine] (Reflector) Class not present: net.minecraftforge.client.event.EntityViewRenderEvent$CameraSetup
[10:32:54] [Client thread/INFO] [OptiFine] (Reflector) Class not present: net.minecraftforge.client.event.EntityViewRenderEvent$FogColors
[10:32:54] [Client thread/INFO] [OptiFine] (Reflector) Class not present: net.minecraftforge.fml.common.eventhandler.Event
[10:32:54] [Client thread/INFO] [OptiFine] (Reflector) Class not present: net.minecraftforge.fml.common.eventhandler.EventBus
[10:32:54] [Client thread/INFO] [OptiFine] (Reflector) Class not present: net.minecraftforge.common.property.ExtendedBlockState
[10:32:54] [Client thread/INFO] [OptiFine] (Reflector) Class not present: net.minecraftforge.fml.client.FMLClientHandler
[10:32:54] [Client thread/INFO] [OptiFine] (Reflector) Class not present: net.minecraftforge.fml.common.FMLCommonHandler
[10:32:54] [Client thread/INFO] [OptiFine] (Reflector) Method not present: net.minecraft.world.biome.BiomeGenBase.getWaterColorMultiplier
[10:32:54] [Client thread/INFO] [OptiFine] (Reflector) Method not present: net.minecraft.block.Block.addDestroyEffects
[10:32:54] [Client thread/INFO] [OptiFine] (Reflector) Method not present: net.minecraft.block.Block.addHitEffects
[10:32:54] [Client thread/INFO] [OptiFine] (Reflector) Method not present: net.minecraft.block.Block.canCreatureSpawn
[10:32:54] [Client thread/INFO] [OptiFine] (Reflector) Method not present: net.minecraft.block.Block.canRenderInLayer
[10:32:54] [Client thread/INFO] [OptiFine] (Reflector) Method not present: net.minecraft.block.Block.doesSideBlockRendering
[10:32:54] [Client thread/INFO] [OptiFine] (Reflector) Method not present: net.minecraft.block.Block.getBedDirection
[10:32:54] [Client thread/INFO] [OptiFine] (Reflector) Method not present: net.minecraft.block.Block.getExtendedState
[10:32:54] [Client thread/INFO] [OptiFine] (Reflector) Method not present: net.minecraft.block.Block.getLightOpacity
[10:32:54] [Client thread/INFO] [OptiFine] (Reflector) Method not present: net.minecraft.block.Block.getLightValue
[10:32:54] [Client thread/INFO] [OptiFine] (Reflector) Method not present: net.minecraft.block.Block.hasTileEntity
[10:32:54] [Client thread/INFO] [OptiFine] (Reflector) Method not present: net.minecraft.block.Block.isAir
[10:32:54] [Client thread/INFO] [OptiFine] (Reflector) Method not present: net.minecraft.block.Block.isBed
[10:32:54] [Client thread/INFO] [OptiFine] (Reflector) Method not present: net.minecraft.block.Block.isBedFoot
[10:32:54] [Client thread/INFO] [OptiFine] (Reflector) Method not present: net.minecraft.block.Block.isSideSolid
[10:32:54] [Client thread/INFO] [OptiFine] (Reflector) Method not present: net.minecraft.world.ChunkCache.isSideSolid
[10:32:54] [Client thread/INFO] [OptiFine] (Reflector) Method not present: net.minecraft.entity.Entity.canRiderInteract
[10:32:54] [Client thread/INFO] [OptiFine] (Reflector) Field not present: net.minecraft.entity.Entity.captureDrops
[10:32:54] [Client thread/INFO] [OptiFine] (Reflector) Field not present: net.minecraft.entity.Entity.capturedDrops
[10:32:54] [Client thread/INFO] [OptiFine] (Reflector) Method not present: net.minecraft.entity.Entity.shouldRenderInPass
[10:32:54] [Client thread/INFO] [OptiFine] (Reflector) Method not present: net.minecraft.entity.Entity.shouldRiderSit
[10:32:54] [Client thread/INFO] [OptiFine] (Reflector) Class not present: net.minecraftforge.event.ForgeEventFactory
[10:32:54] [Client thread/INFO] [OptiFine] (Reflector) Class not present: net.minecraftforge.common.ForgeHooks
[10:32:54] [Client thread/INFO] [OptiFine] (Reflector) Field not present: net.minecraft.item.Item.delegate
[10:32:54] [Client thread/INFO] [OptiFine] (Reflector) Method not present: net.minecraft.item.Item.getDurabilityForDisplay
[10:32:54] [Client thread/INFO] [OptiFine] (Reflector) Method not present: net.minecraft.item.Item.getModel
[10:32:54] [Client thread/INFO] [OptiFine] (Reflector) Method not present: net.minecraft.item.Item.onEntitySwing
[10:32:54] [Client thread/INFO] [OptiFine] (Reflector) Method not present: net.minecraft.item.Item.shouldCauseReequipAnimation
[10:32:54] [Client thread/INFO] [OptiFine] (Reflector) Method not present: net.minecraft.item.Item.showDurabilityBar
[10:32:54] [Client thread/INFO] [OptiFine] (Reflector) Method not present: net.minecraft.potion.PotionEffect.isCurativeItem
[10:32:54] [Client thread/INFO] [OptiFine] (Reflector) Method not present: net.minecraft.tileentity.TileEntity.canRenderBreaking
[10:32:54] [Client thread/INFO] [OptiFine] (Reflector) Method not present: net.minecraft.tileentity.TileEntity.getRenderBoundingBox
[10:32:54] [Client thread/INFO] [OptiFine] (Reflector) Method not present: net.minecraft.tileentity.TileEntity.hasFastRenderer
[10:32:54] [Client thread/INFO] [OptiFine] (Reflector) Method not present: net.minecraft.tileentity.TileEntity.shouldRenderInPass
[10:32:54] [Client thread/INFO] [OptiFine] (Reflector) Method not present: net.minecraft.world.World.countEntities
[10:32:54] [Client thread/INFO] [OptiFine] (Reflector) Method not present: net.minecraft.world.World.getPerWorldStorage
[10:32:54] [Client thread/INFO] [OptiFine] (Reflector) Method not present: net.minecraft.world.WorldProvider.getCloudRenderer
[10:32:54] [Client thread/INFO] [OptiFine] (Reflector) Method not present: net.minecraft.world.WorldProvider.getSkyRenderer
[10:32:54] [Client thread/INFO] [OptiFine] (Reflector) Method not present: net.minecraft.world.WorldProvider.getWeatherRenderer
[10:32:54] [Client thread/INFO] [OptiFine] (Reflector) Method not present: net.minecraft.world.WorldProvider.getSaveFolder
[10:32:54] [Client thread/INFO] [OptiFine] (Reflector) Class not present: net.minecraftforge.client.model.IColoredBakedQuad
[10:32:54] [Client thread/INFO] [OptiFine] (Reflector) Class not present: net.minecraftforge.common.property.IExtendedBlockState
[10:32:54] [Client thread/INFO] [OptiFine] (Reflector) Class not present: net.minecraftforge.client.model.IModel
[10:32:54] [Client thread/INFO] [OptiFine] (Reflector) Class not present: net.minecraftforge.client.IRenderHandler
[10:32:54] [Client thread/INFO] [OptiFine] (Reflector) Class not present: net.minecraftforge.client.model.pipeline.LightUtil
[10:32:54] [Client thread/INFO] [OptiFine] (Reflector) Class not present: net.minecraftforge.common.MinecraftForge
[10:32:54] [Client thread/INFO] [OptiFine] (Reflector) Class not present: net.minecraftforge.client.MinecraftForgeClient
[10:32:54] [Client thread/INFO] [OptiFine] (Reflector) Class not present: net.minecraftforge.fml.common.ModContainer
[10:32:54] [Client thread/INFO] [OptiFine] (Reflector) Class not present: net.minecraftforge.client.model.ModelLoader$VanillaLoader
[10:32:54] [Client thread/INFO] [OptiFine] (Reflector) Class not present: net.minecraftforge.client.event.RenderBlockOverlayEvent$OverlayType
[10:32:54] [Client thread/INFO] [OptiFine] (Reflector) Class not present: net.minecraftforge.client.event.RenderItemInFrameEvent
[10:32:54] [Client thread/INFO] [OptiFine] (Reflector) Class not present: net.minecraftforge.client.event.RenderLivingEvent$Pre
[10:32:54] [Client thread/INFO] [OptiFine] (Reflector) Class not present: net.minecraftforge.client.event.RenderLivingEvent$Post
[10:32:54] [Client thread/INFO] [OptiFine] (Reflector) Class not present: net.minecraftforge.client.event.RenderLivingEvent$Specials$Pre
[10:32:54] [Client thread/INFO] [OptiFine] (Reflector) Class not present: net.minecraftforge.client.event.RenderLivingEvent$Specials$Post
[10:32:54] [Client thread/INFO] [OptiFine] (Reflector) Class not present: net.minecraftforge.event.world.WorldEvent$Load
[10:32:54] [Client thread/INFO] [OptiFine] *** Reloading custom textures ***
[10:32:54] [Client thread/INFO] [OptiFine] Enable face culling: acacia_leaves, birch_leaves, dark_oak_leaves, jungle_leaves, oak_leaves, spruce_leaves
[10:32:59] [Server thread/INFO] Starting integrated minecraft server version 1.9
[10:32:59] [Server thread/INFO] Generating keypair
[10:32:59] [Server thread/INFO] Changing view distance to 2, from 10
[10:32:59] [VersionCheck/INFO] [OptiFine] Version found: M5
[10:33:00] [Server thread/INFO] ghost2173[local:E:ccd1a46c] logged in with entity id 0 at (10.538300134725057, 4.0, -272.46834259805894)
[10:33:00] [Server thread/INFO] ghost2173 joined the game
[10:33:12] [Server thread/INFO] Saving and pausing game...
[10:33:12] [Server thread/INFO] Saving chunks for level 'New World'/Overworld
[10:33:12] [Server thread/INFO] Saving chunks for level 'New World'/Nether
[10:33:12] [Server thread/INFO] Saving chunks for level 'New World'/The End
[10:33:15] [Server thread/INFO] Stopping server
[10:33:15] [Server thread/INFO] Saving players
[10:33:15] [Server thread/INFO] ghost2173 lost connection: TextComponent{text='Disconnected', siblings=[], style=Style{hasParent=false, color=null, bold=null, italic=null, underlined=null, obfuscated=null, clickEvent=null, hoverEvent=null, insertion=null}}
[10:33:15] [Server thread/INFO] ghost2173 left the game
[10:33:15] [Server thread/INFO] Stopping singleplayer server as player logged out
[10:33:15] [Server thread/INFO] Saving worlds
[10:33:15] [Server thread/INFO] Saving chunks for level 'New World'/Overworld
[10:33:15] [Server thread/INFO] Saving chunks for level 'New World'/Nether
[10:33:15] [Server thread/INFO] Saving chunks for level 'New World'/The End
[10:33:28] [Client thread/INFO] [Shaders] Loaded shaderpack: (internal)
[10:33:28] [Client thread/INFO] Reloading ResourceManager: Default
[10:33:28] [Client thread/INFO] [OptiFine] *** Reloading textures ***
[10:33:28] [Client thread/INFO] [OptiFine] Resource packs: Default
[10:33:29] [Client thread/INFO] SoundSystem shutting down...
[10:33:29] [Client thread/WARN] Author: Paul Lamb, www.paulscode.com
[10:33:29] [Sound Library Loader/INFO] Starting up SoundSystem...
[10:33:29] [Thread-9/INFO] Initializing LWJGL OpenAL
[10:33:29] [Thread-9/INFO] (The LWJGL binding of OpenAL.  For more information, see http://www.lwjgl.org)
[10:33:29] [Thread-9/INFO] OpenAL initialized.
[10:33:29] [Sound Library Loader/INFO] Sound engine started
[10:33:30] [Client thread/INFO] [OptiFine] Mipmap levels: 4
[10:33:30] [Client thread/INFO] [OptiFine] Multitexture: false
[10:33:30] [Client thread/INFO] [OptiFine] ConnectedTextures: mcpatcher/ctm/default/0_glass_white/glass_pane_white.properties
[10:33:30] [Client thread/INFO] [OptiFine] ConnectedTextures: mcpatcher/ctm/default/0_glass_white/glass_white.properties
[10:33:30] [Client thread/INFO] [OptiFine] ConnectedTextures: mcpatcher/ctm/default/10_glass_purple/glass_pane_purple.properties
[10:33:30] [Client thread/INFO] [OptiFine] ConnectedTextures: mcpatcher/ctm/default/10_glass_purple/glass_purple.properties
[10:33:30] [Client thread/INFO] [OptiFine] ConnectedTextures: mcpatcher/ctm/default/11_glass_blue/glass_blue.properties
[10:33:30] [Client thread/INFO] [OptiFine] ConnectedTextures: mcpatcher/ctm/default/11_glass_blue/glass_pane_blue.properties
[10:33:30] [Client thread/INFO] [OptiFine] ConnectedTextures: mcpatcher/ctm/default/12_glass_brown/glass_brown.properties
[10:33:30] [Client thread/INFO] [OptiFine] ConnectedTextures: mcpatcher/ctm/default/12_glass_brown/glass_pane_brown.properties
[10:33:30] [Client thread/INFO] [OptiFine] ConnectedTextures: mcpatcher/ctm/default/13_glass_green/glass_green.properties
[10:33:30] [Client thread/INFO] [OptiFine] ConnectedTextures: mcpatcher/ctm/default/13_glass_green/glass_pane_green.properties
[10:33:30] [Client thread/INFO] [OptiFine] ConnectedTextures: mcpatcher/ctm/default/14_glass_red/glass_pane_red.properties
[10:33:30] [Client thread/INFO] [OptiFine] ConnectedTextures: mcpatcher/ctm/default/14_glass_red/glass_red.properties
[10:33:30] [Client thread/INFO] [OptiFine] ConnectedTextures: mcpatcher/ctm/default/15_glass_black/glass_black.properties
[10:33:30] [Client thread/INFO] [OptiFine] ConnectedTextures: mcpatcher/ctm/default/15_glass_black/glass_pane_black.properties
[10:33:30] [Client thread/INFO] [OptiFine] ConnectedTextures: mcpatcher/ctm/default/1_glass_orange/glass_orange.properties
[10:33:30] [Client thread/INFO] [OptiFine] ConnectedTextures: mcpatcher/ctm/default/1_glass_orange/glass_pane_orange.properties
[10:33:30] [Client thread/INFO] [OptiFine] ConnectedTextures: mcpatcher/ctm/default/2_glass_magenta/glass_magenta.properties
[10:33:30] [Client thread/INFO] [OptiFine] ConnectedTextures: mcpatcher/ctm/default/2_glass_magenta/glass_pane_magenta.properties
[10:33:30] [Client thread/INFO] [OptiFine] ConnectedTextures: mcpatcher/ctm/default/3_glass_light_blue/glass_light_blue.properties
[10:33:30] [Client thread/INFO] [OptiFine] ConnectedTextures: mcpatcher/ctm/default/3_glass_light_blue/glass_pane_light_blue.properties
[10:33:30] [Client thread/INFO] [OptiFine] ConnectedTextures: mcpatcher/ctm/default/4_glass_yellow/glass_pane_yellow.properties
[10:33:30] [Client thread/INFO] [OptiFine] ConnectedTextures: mcpatcher/ctm/default/4_glass_yellow/glass_yellow.properties
[10:33:30] [Client thread/INFO] [OptiFine] ConnectedTextures: mcpatcher/ctm/default/5_glass_lime/glass_lime.properties
[10:33:30] [Client thread/INFO] [OptiFine] ConnectedTextures: mcpatcher/ctm/default/5_glass_lime/glass_pane_lime.properties
[10:33:30] [Client thread/INFO] [OptiFine] ConnectedTextures: mcpatcher/ctm/default/6_glass_pink/glass_pane_pink.properties
[10:33:30] [Client thread/INFO] [OptiFine] ConnectedTextures: mcpatcher/ctm/default/6_glass_pink/glass_pink.properties
[10:33:30] [Client thread/INFO] [OptiFine] ConnectedTextures: mcpatcher/ctm/default/7_glass_gray/glass_gray.properties
[10:33:30] [Client thread/INFO] [OptiFine] ConnectedTextures: mcpatcher/ctm/default/7_glass_gray/glass_pane_gray.properties
[10:33:30] [Client thread/INFO] [OptiFine] ConnectedTextures: mcpatcher/ctm/default/8_glass_silver/glass_pane_silver.properties
[10:33:30] [Client thread/INFO] [OptiFine] ConnectedTextures: mcpatcher/ctm/default/8_glass_silver/glass_silver.properties
[10:33:30] [Client thread/INFO] [OptiFine] ConnectedTextures: mcpatcher/ctm/default/9_glass_cyan/glass_cyan.properties
[10:33:30] [Client thread/INFO] [OptiFine] ConnectedTextures: mcpatcher/ctm/default/9_glass_cyan/glass_pane_cyan.properties
[10:33:30] [Client thread/INFO] [OptiFine] ConnectedTextures: mcpatcher/ctm/default/bookshelf.properties
[10:33:30] [Client thread/INFO] [OptiFine] ConnectedTextures: mcpatcher/ctm/default/glass.properties
[10:33:30] [Client thread/INFO] [OptiFine] ConnectedTextures: mcpatcher/ctm/default/glasspane.properties
[10:33:30] [Client thread/INFO] [OptiFine] ConnectedTextures: mcpatcher/ctm/default/sandstone.properties
[10:33:30] [Client thread/INFO] [OptiFine] Multipass connected textures: false
[10:33:30] [Client thread/INFO] [OptiFine] BetterGrass: Parsing default configuration optifine/bettergrass.properties
[10:33:31] [Client thread/INFO] Created: 1024x512 textures-atlas
[10:33:31] [Client thread/INFO] [Shaders] allocateTextureMap 4 1024 512 
[10:33:47] [Client thread/INFO] [OptiFine] Animated sprites: 11
[10:33:47] [Client thread/INFO] [OptiFine] *** Reloading custom textures ***
[10:33:47] [Client thread/INFO] [OptiFine] Enable face culling: acacia_leaves, birch_leaves, dark_oak_leaves, jungle_leaves, oak_leaves, spruce_leaves
[10:33:48] [Client thread/INFO] [Shaders] Save shaders configuration.
[10:33:51] [Server thread/INFO] Starting integrated minecraft server version 1.9
[10:33:51] [Server thread/INFO] Generating keypair
[10:33:51] [Server thread/INFO] Changing view distance to 2, from 10
[10:33:51] [Server thread/INFO] ghost2173[local:E:78000e2f] logged in with entity id 265 at (7.389383538725729, 5.249187078744681, -289.67184131378605)
[10:33:51] [Server thread/INFO] ghost2173 joined the game
[10:33:51] [Client thread/INFO] [Shaders] usedColorBuffers: 4
[10:33:51] [Client thread/INFO] [Shaders] usedDepthBuffers: 1
[10:33:51] [Client thread/INFO] [Shaders] usedShadowColorBuffers: 0
[10:33:51] [Client thread/INFO] [Shaders] usedShadowDepthBuffers: 0
[10:33:51] [Client thread/INFO] [Shaders] usedColorAttachs: 4
[10:33:51] [Client thread/INFO] [Shaders] usedDrawBuffers: 1
[10:33:51] [Client thread/INFO] [Shaders] Framebuffer created.
[10:33:51] [Client thread/INFO] [Shaders] Reset model renderers
[10:33:51] [Client thread/INFO] [Shaders] Reset world renderers
[10:33:58] [Client thread/INFO] [Shaders] Framebuffer created.
[10:34:07] [Server thread/INFO] Saving and pausing game...
[10:34:07] [Server thread/INFO] Saving chunks for level 'New World'/Overworld
[10:34:08] [Server thread/INFO] Saving chunks for level 'New World'/Nether
[10:34:08] [Server thread/INFO] Saving chunks for level 'New World'/The End
[10:34:32] [Server thread/INFO] Saving and pausing game...
[10:34:32] [Server thread/INFO] Saving chunks for level 'New World'/Overworld
[10:34:32] [Server thread/INFO] Saving chunks for level 'New World'/Nether
[10:34:32] [Server thread/INFO] Saving chunks for level 'New World'/The End
[10:34:33] [Client thread/INFO] [Shaders] Framebuffer created.
[10:38:36] [Server thread/INFO] Saving and pausing game...
[10:38:36] [Server thread/INFO] Saving chunks for level 'New World'/Overworld
[10:38:36] [Server thread/INFO] Saving chunks for level 'New World'/Nether
[10:38:36] [Server thread/INFO] Saving chunks for level 'New World'/The End
[10:38:36] [Server thread/INFO] Stopping server
[10:38:36] [Server thread/INFO] Saving players
[10:38:36] [Server thread/INFO] ghost2173 lost connection: TextComponent{text='Disconnected', siblings=[], style=Style{hasParent=false, color=null, bold=null, italic=null, underlined=null, obfuscated=null, clickEvent=null, hoverEvent=null, insertion=null}}
[10:38:36] [Server thread/INFO] ghost2173 left the game
[10:38:36] [Server thread/INFO] Stopping singleplayer server as player logged out
[10:38:36] [Server thread/INFO] Saving worlds
[10:38:36] [Server thread/INFO] Saving chunks for level 'New World'/Overworld
[10:38:36] [Server thread/INFO] Saving chunks for level 'New World'/Nether
[10:38:36] [Server thread/INFO] Saving chunks for level 'New World'/The End
[10:38:39] [Client thread/INFO] Stopping!
[10:38:39] [Client thread/INFO] SoundSystem shutting down...
[10:38:39] [Client thread/WARN] Author: Paul Lamb, www.paulscode.com
